This is pdfTeX, Version 3.1415926-2.5-1.40.14 (TeX Live 2013) (format=pdflatex 2013.5.30)  14 MAY 2015 15:47
entering extended mode
 restricted \write18 enabled.
 file:line:error style messages enabled.
 %&-line parsing enabled.
**report.tex
(./report.tex
LaTeX2e <2011/06/27>
Babel <3.9f> and hyphenation patterns for 78 languages loaded.
(/usr/local/texlive/2013/texmf-dist/tex/latex/base/article.cls
Document Class: article 2007/10/19 v1.4h Standard LaTeX document class
(/usr/local/texlive/2013/texmf-dist/tex/latex/base/size10.clo
File: size10.clo 2007/10/19 v1.4h Standard LaTeX file (size option)
)
\c@part=\count79
\c@section=\count80
\c@subsection=\count81
\c@subsubsection=\count82
\c@paragraph=\count83
\c@subparagraph=\count84
\c@figure=\count85
\c@table=\count86
\abovecaptionskip=\skip41
\belowcaptionskip=\skip42
\bibindent=\dimen102
) (./cvpr.sty
(./eso-pic.sty
Package: eso-pic 2002/11/16 v1.1b eso-pic (RN)
 (./cvpr_eso.sty

LaTeX Warning: You have requested package `eso-pic',
               but the package provides `everyshi'.

Package: everyshi 2001/05/15 v3.00 EveryShipout Package (MS)
) (/usr/local/texlive/2013/texmf-dist/tex/latex/graphics/keyval.sty
Package: keyval 1999/03/16 v1.13 key=value parser (DPC)
\KV@toks@=\toks14
))
(/usr/local/texlive/2013/texmf-dist/tex/latex/tools/xspace.sty
Package: xspace 2009/10/20 v1.13 Space after command names (DPC,MH)
)
CVPR 8.5 x 11-Inch Proceedings Style `cvpr.sty'.
\@ctmp=\skip43
\@figindent=\skip44
\cvprrulerbox=\box26
\cvprrulercount=\count87
\cvprruleroffset=\dimen103
\cv@lineheight=\dimen104
\cv@boxheight=\dimen105
\cv@tmpbox=\box27
\cv@refno=\count88
\cv@tot=\count89
\cv@tmpc@=\count90
\cv@tmpc=\count91
) (/usr/local/texlive/2013/texmf-dist/tex/latex/psnfss/times.sty
Package: times 2005/04/12 PSNFSS-v9.2a (SPQR) 
)
(/usr/local/texlive/2013/texmf-dist/tex/latex/graphics/epsfig.sty
Package: epsfig 1999/02/16 v1.7a (e)psfig emulation (SPQR)

(/usr/local/texlive/2013/texmf-dist/tex/latex/graphics/graphicx.sty
Package: graphicx 1999/02/16 v1.0f Enhanced LaTeX Graphics (DPC,SPQR)

(/usr/local/texlive/2013/texmf-dist/tex/latex/graphics/graphics.sty
Package: graphics 2009/02/05 v1.0o Standard LaTeX Graphics (DPC,SPQR)

(/usr/local/texlive/2013/texmf-dist/tex/latex/graphics/trig.sty
Package: trig 1999/03/16 v1.09 sin cos tan (DPC)
)
(/usr/local/texlive/2013/texmf-dist/tex/latex/latexconfig/graphics.cfg
File: graphics.cfg 2010/04/23 v1.9 graphics configuration of TeX Live
)
Package graphics Info: Driver file: pdftex.def on input line 91.

(/usr/local/texlive/2013/texmf-dist/tex/latex/pdftex-def/pdftex.def
File: pdftex.def 2011/05/27 v0.06d Graphics/color for pdfTeX

(/usr/local/texlive/2013/texmf-dist/tex/generic/oberdiek/infwarerr.sty
Package: infwarerr 2010/04/08 v1.3 Providing info/warning/error messages (HO)
)
(/usr/local/texlive/2013/texmf-dist/tex/generic/oberdiek/ltxcmds.sty
Package: ltxcmds 2011/11/09 v1.22 LaTeX kernel commands for general use (HO)
)
\Gread@gobject=\count92
))
\Gin@req@height=\dimen106
\Gin@req@width=\dimen107
)
\epsfxsize=\dimen108
\epsfysize=\dimen109
)
(/usr/local/texlive/2013/texmf-dist/tex/latex/amsmath/amsmath.sty
Package: amsmath 2013/01/14 v2.14 AMS math features
\@mathmargin=\skip45

For additional information on amsmath, use the `?' option.
(/usr/local/texlive/2013/texmf-dist/tex/latex/amsmath/amstext.sty
Package: amstext 2000/06/29 v2.01

(/usr/local/texlive/2013/texmf-dist/tex/latex/amsmath/amsgen.sty
File: amsgen.sty 1999/11/30 v2.0
\@emptytoks=\toks15
\ex@=\dimen110
))
(/usr/local/texlive/2013/texmf-dist/tex/latex/amsmath/amsbsy.sty
Package: amsbsy 1999/11/29 v1.2d
\pmbraise@=\dimen111
)
(/usr/local/texlive/2013/texmf-dist/tex/latex/amsmath/amsopn.sty
Package: amsopn 1999/12/14 v2.01 operator names
)
\inf@bad=\count93
LaTeX Info: Redefining \frac on input line 210.
\uproot@=\count94
\leftroot@=\count95
LaTeX Info: Redefining \overline on input line 306.
\classnum@=\count96
\DOTSCASE@=\count97
LaTeX Info: Redefining \ldots on input line 378.
LaTeX Info: Redefining \dots on input line 381.
LaTeX Info: Redefining \cdots on input line 466.
\Mathstrutbox@=\box28
\strutbox@=\box29
\big@size=\dimen112
LaTeX Font Info:    Redeclaring font encoding OML on input line 566.
LaTeX Font Info:    Redeclaring font encoding OMS on input line 567.
\macc@depth=\count98
\c@MaxMatrixCols=\count99
\dotsspace@=\muskip10
\c@parentequation=\count100
\dspbrk@lvl=\count101
\tag@help=\toks16
\row@=\count102
\column@=\count103
\maxfields@=\count104
\andhelp@=\toks17
\eqnshift@=\dimen113
\alignsep@=\dimen114
\tagshift@=\dimen115
\tagwidth@=\dimen116
\totwidth@=\dimen117
\lineht@=\dimen118
\@envbody=\toks18
\multlinegap=\skip46
\multlinetaggap=\skip47
\mathdisplay@stack=\toks19
LaTeX Info: Redefining \[ on input line 2665.
LaTeX Info: Redefining \] on input line 2666.
)
(/usr/local/texlive/2013/texmf-dist/tex/latex/amsfonts/amssymb.sty
Package: amssymb 2013/01/14 v3.01 AMS font symbols

(/usr/local/texlive/2013/texmf-dist/tex/latex/amsfonts/amsfonts.sty
Package: amsfonts 2013/01/14 v3.01 Basic AMSFonts support
\symAMSa=\mathgroup4
\symAMSb=\mathgroup5
LaTeX Font Info:    Overwriting math alphabet `\mathfrak' in version `bold'
(Font)                  U/euf/m/n --> U/euf/b/n on input line 106.
))
(/usr/local/texlive/2013/texmf-dist/tex/latex/listings/listings.sty
\lst@mode=\count105
\lst@gtempboxa=\box30
\lst@token=\toks20
\lst@length=\count106
\lst@currlwidth=\dimen119
\lst@column=\count107
\lst@pos=\count108
\lst@lostspace=\dimen120
\lst@width=\dimen121
\lst@newlines=\count109
\lst@lineno=\count110
\lst@maxwidth=\dimen122

(/usr/local/texlive/2013/texmf-dist/tex/latex/listings/lstmisc.sty
File: lstmisc.sty 2007/02/22 1.4 (Carsten Heinz)
\c@lstnumber=\count111
\lst@skipnumbers=\count112
\lst@framebox=\box31
)
(/usr/local/texlive/2013/texmf-dist/tex/latex/listings/listings.cfg
File: listings.cfg 2007/02/22 1.4 listings configuration
))
Package: listings 2007/02/22 1.4 (Carsten Heinz)

(/usr/local/texlive/2013/texmf-dist/tex/latex/caption/subcaption.sty
Package: subcaption 2013/02/03 v1.1-62 Sub-captions (AR)

(/usr/local/texlive/2013/texmf-dist/tex/latex/caption/caption.sty
Package: caption 2013/05/02 v3.3-89 Customizing captions (AR)

(/usr/local/texlive/2013/texmf-dist/tex/latex/caption/caption3.sty
Package: caption3 2013/05/02 v1.6-88 caption3 kernel (AR)
Package caption3 Info: TeX engine: e-TeX on input line 57.
\captionmargin=\dimen123
\captionmargin@=\dimen124
\captionwidth=\dimen125
\caption@tempdima=\dimen126
\caption@indent=\dimen127
\caption@parindent=\dimen128
\caption@hangindent=\dimen129
Package caption Info: Unknown document class (or package),
(caption)             standard defaults will be used.
)

Package caption Warning: Unsupported document class (or package) detected,
(caption)                usage of the caption package is not recommended.
See the caption package documentation for explanation.

Package caption Info: \@makecaption = \long macro:#1#2-> \setbox \@tempboxa \hb
ox {\small \noindent #1.~#2} \setlength {\@ctmp }{\hsize } \addtolength {\@ctmp
 }{-\@figindent }\addtolength {\@ctmp }{-\@figindent } \ifdim \wd \@tempboxa >\
@ctmp {\small #1.~#2\par } \else \hbox to\hsize {\hfil \box \@tempboxa \hfil } 
\fi .
\c@ContinuedFloat=\count113
Package caption Info: listings package is loaded.
)
\c@subfigure=\count114
\c@subtable=\count115
) (/usr/local/texlive/2013/texmf-dist/tex/latex/lipsum/lipsum.sty
Package: lipsum 2011/04/14 v1.2 150 paragraphs of Lorem Ipsum dummy text
\c@lips@count=\count116
)
(/usr/local/texlive/2013/texmf-dist/tex/latex/graphics/color.sty
Package: color 2005/11/14 v1.0j Standard LaTeX Color (DPC)

(/usr/local/texlive/2013/texmf-dist/tex/latex/latexconfig/color.cfg
File: color.cfg 2007/01/18 v1.5 color configuration of teTeX/TeXLive
)
Package color Info: Driver file: pdftex.def on input line 130.
)
(/usr/local/texlive/2013/texmf-dist/tex/latex/listings/lstlang1.sty
File: lstlang1.sty 2004/09/05 1.3 listings language file
)
(/usr/local/texlive/2013/texmf-dist/tex/latex/hyperref/hyperref.sty
Package: hyperref 2012/11/06 v6.83m Hypertext links for LaTeX

(/usr/local/texlive/2013/texmf-dist/tex/generic/oberdiek/hobsub-hyperref.sty
Package: hobsub-hyperref 2012/05/28 v1.13 Bundle oberdiek, subset hyperref (HO)


(/usr/local/texlive/2013/texmf-dist/tex/generic/oberdiek/hobsub-generic.sty
Package: hobsub-generic 2012/05/28 v1.13 Bundle oberdiek, subset generic (HO)
Package: hobsub 2012/05/28 v1.13 Construct package bundles (HO)
Package hobsub Info: Skipping package `infwarerr' (already loaded).
Package hobsub Info: Skipping package `ltxcmds' (already loaded).
Package: ifluatex 2010/03/01 v1.3 Provides the ifluatex switch (HO)
Package ifluatex Info: LuaTeX not detected.
Package: ifvtex 2010/03/01 v1.5 Detect VTeX and its facilities (HO)
Package ifvtex Info: VTeX not detected.
Package: intcalc 2007/09/27 v1.1 Expandable calculations with integers (HO)
Package: ifpdf 2011/01/30 v2.3 Provides the ifpdf switch (HO)
Package ifpdf Info: pdfTeX in PDF mode is detected.
Package: etexcmds 2011/02/16 v1.5 Avoid name clashes with e-TeX commands (HO)
Package etexcmds Info: Could not find \expanded.
(etexcmds)             That can mean that you are not using pdfTeX 1.50 or
(etexcmds)             that some package has redefined \expanded.
(etexcmds)             In the latter case, load this package earlier.
Package: kvsetkeys 2012/04/25 v1.16 Key value parser (HO)
Package: kvdefinekeys 2011/04/07 v1.3 Define keys (HO)
Package: pdftexcmds 2011/11/29 v0.20 Utility functions of pdfTeX for LuaTeX (HO
)
Package pdftexcmds Info: LuaTeX not detected.
Package pdftexcmds Info: \pdf@primitive is available.
Package pdftexcmds Info: \pdf@ifprimitive is available.
Package pdftexcmds Info: \pdfdraftmode found.
Package: pdfescape 2011/11/25 v1.13 Implements pdfTeX's escape features (HO)
Package: bigintcalc 2012/04/08 v1.3 Expandable calculations on big integers (HO
)
Package: bitset 2011/01/30 v1.1 Handle bit-vector datatype (HO)
Package: uniquecounter 2011/01/30 v1.2 Provide unlimited unique counter (HO)
)
Package hobsub Info: Skipping package `hobsub' (already loaded).
Package: letltxmacro 2010/09/02 v1.4 Let assignment for LaTeX macros (HO)
Package: hopatch 2012/05/28 v1.2 Wrapper for package hooks (HO)
Package: xcolor-patch 2011/01/30 xcolor patch
Package: atveryend 2011/06/30 v1.8 Hooks at the very end of document (HO)
Package atveryend Info: \enddocument detected (standard20110627).
Package: atbegshi 2011/10/05 v1.16 At begin shipout hook (HO)
Package: refcount 2011/10/16 v3.4 Data extraction from label references (HO)
Package: hycolor 2011/01/30 v1.7 Color options for hyperref/bookmark (HO)
)
(/usr/local/texlive/2013/texmf-dist/tex/generic/ifxetex/ifxetex.sty
Package: ifxetex 2010/09/12 v0.6 Provides ifxetex conditional
)
(/usr/local/texlive/2013/texmf-dist/tex/latex/oberdiek/auxhook.sty
Package: auxhook 2011/03/04 v1.3 Hooks for auxiliary files (HO)
)
(/usr/local/texlive/2013/texmf-dist/tex/latex/oberdiek/kvoptions.sty
Package: kvoptions 2011/06/30 v3.11 Key value format for package options (HO)
)
\@linkdim=\dimen130
\Hy@linkcounter=\count117
\Hy@pagecounter=\count118

(/usr/local/texlive/2013/texmf-dist/tex/latex/hyperref/pd1enc.def
File: pd1enc.def 2012/11/06 v6.83m Hyperref: PDFDocEncoding definition (HO)
)
\Hy@SavedSpaceFactor=\count119

(/usr/local/texlive/2013/texmf-dist/tex/latex/latexconfig/hyperref.cfg
File: hyperref.cfg 2002/06/06 v1.2 hyperref configuration of TeXLive
)
Package hyperref Info: Option `breaklinks' set `true' on input line 4319.


Package hyperref Warning: Option `letterpaper' is no longer used.

Package hyperref Info: Option `colorlinks' set `true' on input line 4319.
Package hyperref Info: Option `bookmarks' set `true' on input line 4319.
Package hyperref Info: Option `bookmarksnumbered' set `true' on input line 4319
.
Package hyperref Info: Option `hypertexnames' set `false' on input line 4319.
Package hyperref Info: Hyper figures OFF on input line 4443.
Package hyperref Info: Link nesting OFF on input line 4448.
Package hyperref Info: Hyper index ON on input line 4451.
Package hyperref Info: Plain pages OFF on input line 4458.
Package hyperref Info: Backreferencing ON on input line 4461.
Package hyperref Info: Implicit mode ON; LaTeX internals redefined.
Package hyperref Info: Bookmarks ON on input line 4688.
(/usr/local/texlive/2013/texmf-dist/tex/latex/hyperref/backref.sty
Package: backref 2012/07/25 v1.38 Bibliographical back referencing

(/usr/local/texlive/2013/texmf-dist/tex/latex/oberdiek/rerunfilecheck.sty
Package: rerunfilecheck 2011/04/15 v1.7 Rerun checks for auxiliary files (HO)
Package uniquecounter Info: New unique counter `rerunfilecheck' on input line 2
82.
))
\c@Hy@tempcnt=\count120

(/usr/local/texlive/2013/texmf-dist/tex/latex/url/url.sty
\Urlmuskip=\muskip11
Package: url 2006/04/12  ver 3.3  Verb mode for urls, etc.
)
LaTeX Info: Redefining \url on input line 5041.
\XeTeXLinkMargin=\dimen131
\Fld@menulength=\count121
\Field@Width=\dimen132
\Fld@charsize=\dimen133
Package hyperref Info: Hyper figures OFF on input line 6295.
Package hyperref Info: Link nesting OFF on input line 6300.
Package hyperref Info: Hyper index ON on input line 6303.
Package hyperref Info: backreferencing ON on input line 6308.
Package hyperref Info: Link coloring ON on input line 6313.
Package hyperref Info: Link coloring with OCG OFF on input line 6320.
Package hyperref Info: PDF/A mode OFF on input line 6325.
LaTeX Info: Redefining \ref on input line 6365.
LaTeX Info: Redefining \pageref on input line 6369.
\Hy@abspage=\count122
\c@Item=\count123
\c@Hfootnote=\count124
)

Package hyperref Message: Driver (autodetected): hpdftex.

(/usr/local/texlive/2013/texmf-dist/tex/latex/hyperref/hpdftex.def
File: hpdftex.def 2012/11/06 v6.83m Hyperref driver for pdfTeX
\Fld@listcount=\count125
\c@bookmark@seq@number=\count126
\Hy@SectionHShift=\skip48
)
(./report.aux)
\openout1 = `report.aux'.

LaTeX Font Info:    Checking defaults for OML/cmm/m/it on input line 54.
LaTeX Font Info:    ... okay on input line 54.
LaTeX Font Info:    Checking defaults for T1/cmr/m/n on input line 54.
LaTeX Font Info:    ... okay on input line 54.
LaTeX Font Info:    Checking defaults for OT1/cmr/m/n on input line 54.
LaTeX Font Info:    ... okay on input line 54.
LaTeX Font Info:    Checking defaults for OMS/cmsy/m/n on input line 54.
LaTeX Font Info:    ... okay on input line 54.
LaTeX Font Info:    Checking defaults for OMX/cmex/m/n on input line 54.
LaTeX Font Info:    ... okay on input line 54.
LaTeX Font Info:    Checking defaults for U/cmr/m/n on input line 54.
LaTeX Font Info:    ... okay on input line 54.
LaTeX Font Info:    Checking defaults for PD1/pdf/m/n on input line 54.
LaTeX Font Info:    ... okay on input line 54.
LaTeX Font Info:    Try loading font information for OT1+ptm on input line 54.
 (/usr/local/texlive/2013/texmf-dist/tex/latex/psnfss/ot1ptm.fd
File: ot1ptm.fd 2001/06/04 font definitions for OT1/ptm.
)
ABD: EveryShipout initializing macros
(/usr/local/texlive/2013/texmf-dist/tex/context/base/supp-pdf.mkii
[Loading MPS to PDF converter (version 2006.09.02).]
\scratchcounter=\count127
\scratchdimen=\dimen134
\scratchbox=\box32
\nofMPsegments=\count128
\nofMParguments=\count129
\everyMPshowfont=\toks21
\MPscratchCnt=\count130
\MPscratchDim=\dimen135
\MPnumerator=\count131
\makeMPintoPDFobject=\count132
\everyMPtoPDFconversion=\toks22
) (/usr/local/texlive/2013/texmf-dist/tex/latex/oberdiek/epstopdf-base.sty
Package: epstopdf-base 2010/02/09 v2.5 Base part for package epstopdf

(/usr/local/texlive/2013/texmf-dist/tex/latex/oberdiek/grfext.sty
Package: grfext 2010/08/19 v1.1 Manage graphics extensions (HO)
)
Package grfext Info: Graphics extension search list:
(grfext)             [.png,.pdf,.jpg,.mps,.jpeg,.jbig2,.jb2,.PNG,.PDF,.JPG,.JPE
G,.JBIG2,.JB2,.eps]
(grfext)             \AppendGraphicsExtensions on input line 452.

(/usr/local/texlive/2013/texmf-dist/tex/latex/latexconfig/epstopdf-sys.cfg
File: epstopdf-sys.cfg 2010/07/13 v1.3 Configuration of (r)epstopdf for TeX Liv
e
))
\c@lstlisting=\count133
Package caption Info: Begin \AtBeginDocument code.
Package caption Info: hyperref package is loaded.
Package caption Info: End \AtBeginDocument code.
\AtBeginShipoutBox=\box33
Package atbegshi Info: Package `everyshi' patched.
Package hyperref Info: Link coloring ON on input line 54.

(/usr/local/texlive/2013/texmf-dist/tex/latex/hyperref/nameref.sty
Package: nameref 2012/10/27 v2.43 Cross-referencing by name of section

(/usr/local/texlive/2013/texmf-dist/tex/generic/oberdiek/gettitlestring.sty
Package: gettitlestring 2010/12/03 v1.4 Cleanup title references (HO)
)
\c@section@level=\count134
)
LaTeX Info: Redefining \ref on input line 54.
LaTeX Info: Redefining \pageref on input line 54.
LaTeX Info: Redefining \nameref on input line 54.

(./report.out) (./report.out)
\@outlinefile=\write3
\openout3 = `report.out'.

LaTeX Font Info:    Font shape `OT1/ptm/bx/n' in size <14.4> not available
(Font)              Font shape `OT1/ptm/b/n' tried instead on input line 77.
LaTeX Font Info:    Try loading font information for U+msa on input line 77.

(/usr/local/texlive/2013/texmf-dist/tex/latex/amsfonts/umsa.fd
File: umsa.fd 2013/01/14 v3.01 AMS symbols A
)
LaTeX Font Info:    Try loading font information for U+msb on input line 77.

(/usr/local/texlive/2013/texmf-dist/tex/latex/amsfonts/umsb.fd
File: umsb.fd 2013/01/14 v3.01 AMS symbols B
)
LaTeX Font Info:    Try loading font information for OT1+pcr on input line 77.

(/usr/local/texlive/2013/texmf-dist/tex/latex/psnfss/ot1pcr.fd
File: ot1pcr.fd 2001/06/04 font definitions for OT1/pcr.
)
LaTeX Font Info:    Font shape `OT1/ptm/bx/n' in size <12> not available
(Font)              Font shape `OT1/ptm/b/n' tried instead on input line 79.


Package hyperref Warning: Token not allowed in a PDF string (PDFDocEncoding):
(hyperref)                \kern -10.0pt
(hyperref)                removed on input line 83.

<fig/fig1.png, id=37, 427.5975pt x 388.45125pt>
File: fig/fig1.png Graphic file (type png)
 <use fig/fig1.png>
Package pdftex.def Info: fig/fig1.png used on input line 97.
(pdftex.def)             Requested size: 189.70947pt x 172.34161pt.
 [1{/usr/local/texlive/2013/texmf-var/fonts/map/pdftex/updmap/pdftex.map}


 <./fig/fig1.png>]

Package hyperref Warning: Token not allowed in a PDF string (PDFDocEncoding):
(hyperref)                \kern -10.0pt
(hyperref)                removed on input line 106.


Package hyperref Warning: Token not allowed in a PDF string (PDFDocEncoding):
(hyperref)                \kern -10.0pt
(hyperref)                removed on input line 123.

<fig/landmark.png, id=70, 265.4718pt x 245.718pt>
File: fig/landmark.png Graphic file (type png)
 <use fig/landmark.png>
Package pdftex.def Info: fig/landmark.png used on input line 133.
(pdftex.def)             Requested size: 189.70947pt x 175.59329pt.

[2 <./fig/landmark.png>] <fig/facepp.png, id=87, 555.5154pt x 242.8272pt>
File: fig/facepp.png Graphic file (type png)

<use fig/facepp.png>
Package pdftex.def Info: fig/facepp.png used on input line 145.
(pdftex.def)             Requested size: 397.48651pt x 173.75351pt.


Package hyperref Warning: Token not allowed in a PDF string (PDFDocEncoding):
(hyperref)                \kern -10.0pt
(hyperref)                removed on input line 151.

<fig/morphing.png, id=92, 568.1225pt x 240.9pt>
File: fig/morphing.png Graphic file (type png)
 <use fig/morphing.png>
Package pdftex.def Info: fig/morphing.png used on input line 195.
(pdftex.def)             Requested size: 397.48651pt x 168.55165pt.


Package hyperref Warning: Token not allowed in a PDF string (PDFDocEncoding):
(hyperref)                \kern -10.0pt
(hyperref)                removed on input line 201.

<graph_image.png, id=93, 836.12375pt x 320.19624pt>
File: graph_image.png Graphic file (type png)
 <use graph_image.png>
Package pdftex.def Info: graph_image.png used on input line 208.
(pdftex.def)             Requested size: 198.73946pt x 76.10602pt.

[3 <./graph_image.png>]
Underfull \vbox (badness 10000) has occurred while \output is active []

 [4 <./fig/facepp.png> <./fig/morphing.png>]
Package epstopdf Info: Source file: <seam_mask.eps>
(epstopdf)                    date: 2015-05-04 15:25:36
(epstopdf)                    size: 1733962 bytes
(epstopdf)             Output file: <seam_mask-eps-converted-to.pdf>
(epstopdf)                    date: 2015-05-13 12:10:39
(epstopdf)                    size: 85653 bytes
(epstopdf)             Command: <repstopdf --outfile=seam_mask-eps-converted-to
.pdf seam_mask.eps>
(epstopdf)             \includegraphics on input line 229.
Package epstopdf Info: Output file is already uptodate.

<seam_mask-eps-converted-to.pdf, id=125, 452.69125pt x 257.96375pt>
File: seam_mask-eps-converted-to.pdf Graphic file (type pdf)

<use seam_mask-eps-converted-to.pdf>
Package pdftex.def Info: seam_mask-eps-converted-to.pdf used on input line 229.

(pdftex.def)             Requested size: 198.73946pt x 113.24854pt.
Package epstopdf Info: Source file: <seam_result.eps>
(epstopdf)                    date: 2015-05-04 15:28:58
(epstopdf)                    size: 1094102 bytes
(epstopdf)             Output file: <seam_result-eps-converted-to.pdf>
(epstopdf)                    date: 2015-05-13 14:30:31
(epstopdf)                    size: 49207 bytes
(epstopdf)             Command: <repstopdf --outfile=seam_result-eps-converted-
to.pdf seam_result.eps>
(epstopdf)             \includegraphics on input line 237.
Package epstopdf Info: Output file is already uptodate.

<seam_result-eps-converted-to.pdf, id=127, 452.69125pt x 257.96375pt>
File: seam_result-eps-converted-to.pdf Graphic file (type pdf)

<use seam_result-eps-converted-to.pdf>
Package pdftex.def Info: seam_result-eps-converted-to.pdf used on input line 23
7.
(pdftex.def)             Requested size: 198.73946pt x 113.24854pt.


Package hyperref Warning: Token not allowed in a PDF string (PDFDocEncoding):
(hyperref)                \kern -10.0pt
(hyperref)                removed on input line 242.

<poisson_blending_alg.png, id=129, 886.31125pt x 307.1475pt>
File: poisson_blending_alg.png Graphic file (type png)

<use poisson_blending_alg.png>
Package pdftex.def Info: poisson_blending_alg.png used on input line 248.
(pdftex.def)             Requested size: 198.73946pt x 68.87086pt.


LaTeX Warning: `h' float specifier changed to `ht'.

Package epstopdf Info: Source file: <possion_blending_result.eps>
(epstopdf)                    date: 2015-05-04 16:47:15
(epstopdf)                    size: 1733976 bytes
(epstopdf)             Output file: <possion_blending_result-eps-converted-to.p
df>
(epstopdf)                    date: 2015-05-13 15:07:47
(epstopdf)                    size: 66476 bytes
(epstopdf)             Command: <repstopdf --outfile=possion_blending_result-ep
s-converted-to.pdf possion_blending_result.eps>
(epstopdf)             \includegraphics on input line 280.
Package epstopdf Info: Output file is already uptodate.

<possion_blending_result-eps-converted-to.pdf, id=134, 452.69125pt x 257.96375p
t>
File: possion_blending_result-eps-converted-to.pdf Graphic file (type pdf)
 <use possion_blending_result-eps-converted-to.pdf>
Package pdftex.def Info: possion_blending_result-eps-converted-to.pdf used on i
nput line 280.
(pdftex.def)             Requested size: 198.73946pt x 113.24854pt.


Package hyperref Warning: Token not allowed in a PDF string (PDFDocEncoding):
(hyperref)                \kern -10.0pt
(hyperref)                removed on input line 287.

[5 <./seam_mask-eps-converted-to.pdf> <./seam_result-eps-converted-to.pdf> <./p
oisson_blending_alg.png> <./possion_blending_result-eps-converted-to.pdf>]
Package epstopdf Info: Source file: <3_4.eps>
(epstopdf)                    date: 2015-05-13 16:01:52
(epstopdf)                    size: 1691980 bytes
(epstopdf)             Output file: <3_4-eps-converted-to.pdf>
(epstopdf)                    date: 2015-05-13 16:21:07
(epstopdf)                    size: 69639 bytes
(epstopdf)             Command: <repstopdf --outfile=3_4-eps-converted-to.pdf 3
_4.eps>
(epstopdf)             \includegraphics on input line 296.
Package epstopdf Info: Output file is already uptodate.

<3_4-eps-converted-to.pdf, id=165, 452.69125pt x 189.70876pt>
File: 3_4-eps-converted-to.pdf Graphic file (type pdf)

<use 3_4-eps-converted-to.pdf>
Package pdftex.def Info: 3_4-eps-converted-to.pdf used on input line 296.
(pdftex.def)             Requested size: 198.73946pt x 83.28394pt.
Package epstopdf Info: Source file: <3_10.eps>
(epstopdf)                    date: 2015-05-13 17:11:13
(epstopdf)                    size: 3210026 bytes
(epstopdf)             Output file: <3_10-eps-converted-to.pdf>
(epstopdf)                    date: 2015-05-13 17:23:50
(epstopdf)                    size: 168055 bytes
(epstopdf)             Command: <repstopdf --outfile=3_10-eps-converted-to.pdf 
3_10.eps>
(epstopdf)             \includegraphics on input line 302.
Package epstopdf Info: Output file is already uptodate.

<3_10-eps-converted-to.pdf, id=166, 452.69125pt x 165.61874pt>
File: 3_10-eps-converted-to.pdf Graphic file (type pdf)

<use 3_10-eps-converted-to.pdf>
Package pdftex.def Info: 3_10-eps-converted-to.pdf used on input line 302.
(pdftex.def)             Requested size: 198.73946pt x 72.7082pt.
Package epstopdf Info: Source file: <3_9.eps>
(epstopdf)                    date: 2015-05-13 16:40:12
(epstopdf)                    size: 2808303 bytes
(epstopdf)             Output file: <3_9-eps-converted-to.pdf>
(epstopdf)                    date: 2015-05-13 17:23:51
(epstopdf)                    size: 114583 bytes
(epstopdf)             Command: <repstopdf --outfile=3_9-eps-converted-to.pdf 3
_9.eps>
(epstopdf)             \includegraphics on input line 307.
Package epstopdf Info: Output file is already uptodate.

<3_9-eps-converted-to.pdf, id=167, 450.68375pt x 162.6075pt>
File: 3_9-eps-converted-to.pdf Graphic file (type pdf)

<use 3_9-eps-converted-to.pdf>
Package pdftex.def Info: 3_9-eps-converted-to.pdf used on input line 307.
(pdftex.def)             Requested size: 198.73946pt x 71.70631pt.
Package epstopdf Info: Source file: <7_8.eps>
(epstopdf)                    date: 2015-05-13 17:51:46
(epstopdf)                    size: 2568067 bytes
(epstopdf)             Output file: <7_8-eps-converted-to.pdf>
(epstopdf)                    date: 2015-05-13 17:53:10
(epstopdf)                    size: 122103 bytes
(epstopdf)             Command: <repstopdf --outfile=7_8-eps-converted-to.pdf 7
_8.eps>
(epstopdf)             \includegraphics on input line 317.
Package epstopdf Info: Output file is already uptodate.

<7_8-eps-converted-to.pdf, id=168, 450.68375pt x 199.74625pt>
File: 7_8-eps-converted-to.pdf Graphic file (type pdf)

<use 7_8-eps-converted-to.pdf>
Package pdftex.def Info: 7_8-eps-converted-to.pdf used on input line 317.
(pdftex.def)             Requested size: 198.73946pt x 88.08368pt.
Package epstopdf Info: Source file: <4_5.eps>
(epstopdf)                    date: 2015-05-13 16:05:11
(epstopdf)                    size: 1323949 bytes
(epstopdf)             Output file: <4_5-eps-converted-to.pdf>
(epstopdf)                    date: 2015-05-13 16:21:09
(epstopdf)                    size: 69253 bytes
(epstopdf)             Command: <repstopdf --outfile=4_5-eps-converted-to.pdf 4
_5.eps>
(epstopdf)             \includegraphics on input line 322.
Package epstopdf Info: Output file is already uptodate.

<4_5-eps-converted-to.pdf, id=169, 452.69125pt x 189.70876pt>
File: 4_5-eps-converted-to.pdf Graphic file (type pdf)

<use 4_5-eps-converted-to.pdf>
Package pdftex.def Info: 4_5-eps-converted-to.pdf used on input line 322.
(pdftex.def)             Requested size: 198.73946pt x 83.28394pt.
Package epstopdf Info: Source file: <3_5.eps>
(epstopdf)                    date: 2015-05-13 16:03:29
(epstopdf)                    size: 1776807 bytes
(epstopdf)             Output file: <3_5-eps-converted-to.pdf>
(epstopdf)                    date: 2015-05-13 16:21:08
(epstopdf)                    size: 85670 bytes
(epstopdf)             Command: <repstopdf --outfile=3_5-eps-converted-to.pdf 3
_5.eps>
(epstopdf)             \includegraphics on input line 326.
Package epstopdf Info: Output file is already uptodate.

<3_5-eps-converted-to.pdf, id=170, 452.69125pt x 172.645pt>
File: 3_5-eps-converted-to.pdf Graphic file (type pdf)

<use 3_5-eps-converted-to.pdf>
Package pdftex.def Info: 3_5-eps-converted-to.pdf used on input line 326.
(pdftex.def)             Requested size: 198.73946pt x 75.79279pt.


Package hyperref Warning: Token not allowed in a PDF string (PDFDocEncoding):
(hyperref)                \kern -10.0pt
(hyperref)                removed on input line 333.


Underfull \vbox (badness 10000) has occurred while \output is active []


(./report.bbl (./report.brf)
\tf@brf=\write4
\openout4 = `report.brf'.

 [6 <./3_4-eps-converted-to.pdf> <./3_10-eps-converted-to.pdf> <./3_9-eps-conve
rted-to.pdf> <./7_8-eps-converted-to.pdf> <./4_5-eps-converted-to.pdf> <./3_5-e
ps-converted-to.pdf>])
Package atveryend Info: Empty hook `BeforeClearDocument' on input line 350.
 [7

]
Package atveryend Info: Empty hook `AfterLastShipout' on input line 350.
 (./report.aux)
Package atveryend Info: Executing hook `AtVeryEndDocument' on input line 350.
Package atveryend Info: Executing hook `AtEndAfterFileList' on input line 350.
Package rerunfilecheck Info: File `report.out' has not changed.
(rerunfilecheck)             Checksum: 4CF34A7795491A577ABE4BCCF7F66ABC;447.
Package rerunfilecheck Info: File `report.brf' has not changed.
(rerunfilecheck)             Checksum: 5B02A3AF4F800D777B76562104F56FB7;495.
Package atveryend Info: Empty hook `AtVeryVeryEnd' on input line 350.
 ) 
Here is how much of TeX's memory you used:
 9107 strings out of 493315
 136424 string characters out of 6137904
 326045 words of memory out of 5000000
 12361 multiletter control sequences out of 15000+600000
 28550 words of font info for 66 fonts, out of 8000000 for 9000
 957 hyphenation exceptions out of 8191
 42i,11n,43p,1550b,469s stack positions out of 5000i,500n,10000p,200000b,80000s
{/usr/local/texlive/2013/texmf-dist/fonts/enc/dvips/base/8r.enc}</usr/local/t
exlive/2013/texmf-dist/fonts/type1/public/amsfonts/cm/cmex10.pfb></usr/local/te
xlive/2013/texmf-dist/fonts/type1/public/amsfonts/cm/cmmi10.pfb></usr/local/tex
live/2013/texmf-dist/fonts/type1/public/amsfonts/cm/cmmi7.pfb></usr/local/texli
ve/2013/texmf-dist/fonts/type1/public/amsfonts/cm/cmr10.pfb></usr/local/texlive
/2013/texmf-dist/fonts/type1/public/amsfonts/cm/cmr5.pfb></usr/local/texlive/20
13/texmf-dist/fonts/type1/public/amsfonts/cm/cmr7.pfb></usr/local/texlive/2013/
texmf-dist/fonts/type1/public/amsfonts/cm/cmsy10.pfb></usr/local/texlive/2013/t
exmf-dist/fonts/type1/public/amsfonts/cm/cmsy7.pfb></usr/local/texlive/2013/tex
mf-dist/fonts/type1/urw/courier/ucrr8a.pfb></usr/local/texlive/2013/texmf-dist/
fonts/type1/urw/times/utmb8a.pfb></usr/local/texlive/2013/texmf-dist/fonts/type
1/urw/times/utmr8a.pfb></usr/local/texlive/2013/texmf-dist/fonts/type1/urw/time
s/utmri8a.pfb>
Output written on report.pdf (7 pages, 3594411 bytes).
PDF statistics:
 279 PDF objects out of 1000 (max. 8388607)
 208 compressed objects within 3 object streams
 50 named destinations out of 1000 (max. 500000)
 140 words of extra memory for PDF output out of 10000 (max. 10000000)

